<?xml version="1.0" encoding="UTF-8"?>
<!-- Generated by org.testng.reporters.JUnitXMLReporter -->
<testsuite ignored="4" hostname="DESKTOP-7C911OD" failures="0" tests="2" name="Default test" time="65.923" errors="0" timestamp="2025-01-01T18:41:03 IST">
  <testcase classname="driverFactory.AppTest" name="addCustomer" time="31.76"/>
  <testcase classname="driverFactory.AppTestSupplierModule" name="addCustomer" time="27.826"/>
  <testcase classname="config.AppUtil" name="@BeforeTest setUp" time="0.0">
    <ignored/>
  </testcase> <!-- @BeforeTest setUp -->
  <testcase classname="config.AppUtil" name="@BeforeTest setUp" time="0.0">
    <ignored/>
  </testcase> <!-- @BeforeTest setUp -->
  <testcase classname="config.AppUtil" name="@AfterTest tearDown" time="0.0">
    <ignored/>
  </testcase> <!-- @AfterTest tearDown -->
  <testcase classname="config.AppUtil" name="@AfterTest tearDown" time="0.0">
    <ignored/>
  </testcase> <!-- @AfterTest tearDown -->
</testsuite> <!-- Default test -->
