<?xml version="1.0" encoding="UTF-8"?>
<testng-results ignored="0" total="2" passed="2" failed="0" skipped="0">
  <reporter-output>
    <line>
      <![CDATA[No of Rows: 5]]>
    </line>
    <line>
      <![CDATA[Customer-00000000017  Customer-00000000017  Customer Number Matching]]>
    </line>
    <line>
      <![CDATA[Customer-00000000018  Customer-00000000018  Customer Number Matching]]>
    </line>
    <line>
      <![CDATA[Customer-00000000019  Customer-00000000019  Customer Number Matching]]>
    </line>
    <line>
      <![CDATA[Customer-00000000020  Customer-00000000020  Customer Number Matching]]>
    </line>
    <line>
      <![CDATA[Customer-00000000021  Customer-00000000021  Customer Number Matching]]>
    </line>
    <line>
      <![CDATA[No of Rows: 5]]>
    </line>
    <line>
      <![CDATA[Supplier-00000000016  Supplier-00000000016 Supplier Number is Matching]]>
    </line>
    <line>
      <![CDATA[Supplier-00000000017  Supplier-00000000017 Supplier Number is Matching]]>
    </line>
    <line>
      <![CDATA[Supplier-00000000018  Supplier-00000000018 Supplier Number is Matching]]>
    </line>
    <line>
      <![CDATA[Supplier-00000000019  Supplier-00000000019 Supplier Number is Matching]]>
    </line>
    <line>
      <![CDATA[Supplier-00000000020  Supplier-00000000020 Supplier Number is Matching]]>
    </line>
  </reporter-output>
  <suite started-at="2025-01-01T18:39:58 IST" name="Default suite" finished-at="2025-01-01T18:41:03 IST" duration-ms="65923">
    <groups>
    </groups>
    <test started-at="2025-01-01T18:39:58 IST" name="Default test" finished-at="2025-01-01T18:41:03 IST" duration-ms="65923">
      <class name="driverFactory.AppTest">
        <test-method is-config="true" signature="setUp()[pri:0, instance:driverFactory.AppTest@4b741d6d]" started-at="2025-01-01T18:39:58 IST" name="setUp" finished-at="2025-01-01T18:40:03 IST" duration-ms="5893" status="PASS">
          <reporter-output>
          </reporter-output>
        </test-method> <!-- setUp -->
        <test-method signature="addCustomer()[pri:0, instance:driverFactory.AppTest@4b741d6d]" started-at="2025-01-01T18:40:04 IST" name="addCustomer" finished-at="2025-01-01T18:40:35 IST" duration-ms="31760" status="PASS">
          <reporter-output>
            <line>
              <![CDATA[No of Rows: 5]]>
            </line>
            <line>
              <![CDATA[Customer-00000000017  Customer-00000000017  Customer Number Matching]]>
            </line>
            <line>
              <![CDATA[Customer-00000000018  Customer-00000000018  Customer Number Matching]]>
            </line>
            <line>
              <![CDATA[Customer-00000000019  Customer-00000000019  Customer Number Matching]]>
            </line>
            <line>
              <![CDATA[Customer-00000000020  Customer-00000000020  Customer Number Matching]]>
            </line>
            <line>
              <![CDATA[Customer-00000000021  Customer-00000000021  Customer Number Matching]]>
            </line>
          </reporter-output>
        </test-method> <!-- addCustomer -->
        <test-method is-config="true" signature="tearDown()[pri:0, instance:driverFactory.AppTest@4b741d6d]" started-at="2025-01-01T18:41:03 IST" name="tearDown" finished-at="2025-01-01T18:41:03 IST" duration-ms="352" status="PASS">
          <reporter-output>
          </reporter-output>
        </test-method> <!-- tearDown -->
      </class> <!-- driverFactory.AppTest -->
      <class name="driverFactory.AppTestSupplierModule">
        <test-method signature="addCustomer()[pri:0, instance:driverFactory.AppTestSupplierModule@17f62e33]" started-at="2025-01-01T18:40:35 IST" name="addCustomer" finished-at="2025-01-01T18:41:03 IST" duration-ms="27826" status="PASS">
          <reporter-output>
            <line>
              <![CDATA[No of Rows: 5]]>
            </line>
            <line>
              <![CDATA[Supplier-00000000016  Supplier-00000000016 Supplier Number is Matching]]>
            </line>
            <line>
              <![CDATA[Supplier-00000000017  Supplier-00000000017 Supplier Number is Matching]]>
            </line>
            <line>
              <![CDATA[Supplier-00000000018  Supplier-00000000018 Supplier Number is Matching]]>
            </line>
            <line>
              <![CDATA[Supplier-00000000019  Supplier-00000000019 Supplier Number is Matching]]>
            </line>
            <line>
              <![CDATA[Supplier-00000000020  Supplier-00000000020 Supplier Number is Matching]]>
            </line>
          </reporter-output>
        </test-method> <!-- addCustomer -->
      </class> <!-- driverFactory.AppTestSupplierModule -->
    </test> <!-- Default test -->
  </suite> <!-- Default suite -->
</testng-results>
